<?xml version="1.0" encoding="UTF-8"?>
<!-- Generated by org.testng.reporters.JUnitXMLReporter -->
<testsuite hostname="BINTERNS-QA45L" ignored="0" name="Surefire test" tests="16" failures="0" timestamp="2023-05-11T15:03:04 IST" time="106.011" errors="0">
  <testcase name="logo" time="0.28" classname="testphhase.Homepage_testphase"/>
  <testcase name="titleconfo" time="0.054" classname="testphhase.Homepage_testphase"/>
  <testcase name="blogmenu" time="14.824" classname="testphhase.Homepage_testphase"/>
  <testcase name="linkcountsinffoter" time="2.097" classname="testphhase.Homepage_testphase"/>
  <testcase name="pokerclick" time="9.593" classname="testphhase.Homepage_testphase"/>
  <testcase name="teenpaticlick" time="3.609" classname="testphhase.Homepage_testphase"/>
  <testcase name="rummymenu" time="8.245" classname="testphhase.Homepage_testphase"/>
  <testcase name="blackjackmenu" time="8.911" classname="testphhase.Homepage_testphase"/>
  <testcase name="contactusmenu" time="9.96" classname="testphhase.Homepage_testphase"/>
  <testcase name="eulamenu" time="10.907" classname="testphhase.Homepage_testphase"/>
  <testcase name="legalitymenu" time="6.094" classname="testphhase.Homepage_testphase"/>
  <testcase name="cookiepolicymenu" time="5.801" classname="testphhase.Homepage_testphase"/>
  <testcase name="privacypolicymenu" time="4.369" classname="testphhase.Homepage_testphase"/>
  <testcase name="Sequritymenu" time="5.105" classname="testphhase.Homepage_testphase"/>
  <testcase name="TOUmenu" time="4.074" classname="testphhase.Homepage_testphase"/>
  <testcase name="englishmenu" time="11.391" classname="testphhase.Homepage_testphase"/>
</testsuite> <!-- Surefire test -->
