<?xml version="1.0" encoding="UTF-8"?>
<!-- Generated by org.testng.reporters.JUnitXMLReporter -->
<testsuite ignored="0" hostname="BINTERNS-QA45L" failures="0" tests="16" name="Default test" time="110.091" errors="0" timestamp="2023-05-11T14:59:03 IST">
  <testcase classname="testphhase.Homepage_testphase" name="logo" time="0.223"/>
  <testcase classname="testphhase.Homepage_testphase" name="titleconfo" time="0.047"/>
  <testcase classname="testphhase.Homepage_testphase" name="blogmenu" time="19.463"/>
  <testcase classname="testphhase.Homepage_testphase" name="linkcountsinffoter" time="2.117"/>
  <testcase classname="testphhase.Homepage_testphase" name="pokerclick" time="7.882"/>
  <testcase classname="testphhase.Homepage_testphase" name="teenpaticlick" time="3.684"/>
  <testcase classname="testphhase.Homepage_testphase" name="rummymenu" time="8.174"/>
  <testcase classname="testphhase.Homepage_testphase" name="blackjackmenu" time="8.525"/>
  <testcase classname="testphhase.Homepage_testphase" name="contactusmenu" time="9.669"/>
  <testcase classname="testphhase.Homepage_testphase" name="eulamenu" time="6.819"/>
  <testcase classname="testphhase.Homepage_testphase" name="legalitymenu" time="5.981"/>
  <testcase classname="testphhase.Homepage_testphase" name="cookiepolicymenu" time="5.076"/>
  <testcase classname="testphhase.Homepage_testphase" name="privacypolicymenu" time="5.451"/>
  <testcase classname="testphhase.Homepage_testphase" name="Sequritymenu" time="5.191"/>
  <testcase classname="testphhase.Homepage_testphase" name="TOUmenu" time="6.452"/>
  <testcase classname="testphhase.Homepage_testphase" name="englishmenu" time="14.302"/>
</testsuite> <!-- Default test -->
