<?xml version="1.0" encoding="UTF-8"?>
<!-- Generated by org.testng.reporters.JUnitXMLReporter -->
<testsuite ignored="0" hostname="BINTERNS-QA45L" failures="0" tests="16" name="Default test" time="103.08" errors="0" timestamp="2023-05-11T17:51:27 IST">
  <testcase classname="testphhase.Homepage_testphase" name="logo" time="0.205"/>
  <testcase classname="testphhase.Homepage_testphase" name="titleconfo" time="0.014"/>
  <testcase classname="testphhase.Homepage_testphase" name="blogmenu" time="13.302"/>
  <testcase classname="testphhase.Homepage_testphase" name="linkcountsinffoter" time="2.139"/>
  <testcase classname="testphhase.Homepage_testphase" name="pokerclick" time="9.321"/>
  <testcase classname="testphhase.Homepage_testphase" name="teenpaticlick" time="3.963"/>
  <testcase classname="testphhase.Homepage_testphase" name="rummymenu" time="9.045"/>
  <testcase classname="testphhase.Homepage_testphase" name="blackjackmenu" time="10.937"/>
  <testcase classname="testphhase.Homepage_testphase" name="contactusmenu" time="11.093"/>
  <testcase classname="testphhase.Homepage_testphase" name="eulamenu" time="6.523"/>
  <testcase classname="testphhase.Homepage_testphase" name="legalitymenu" time="5.203"/>
  <testcase classname="testphhase.Homepage_testphase" name="cookiepolicymenu" time="5.033"/>
  <testcase classname="testphhase.Homepage_testphase" name="privacypolicymenu" time="4.71"/>
  <testcase classname="testphhase.Homepage_testphase" name="Sequritymenu" time="4.812"/>
  <testcase classname="testphhase.Homepage_testphase" name="TOUmenu" time="4.952"/>
  <testcase classname="testphhase.Homepage_testphase" name="englishmenu" time="10.929"/>
</testsuite> <!-- Default test -->
