<?xml version="1.0" encoding="UTF-8"?>
<testsuite xmlns:xsi="http://www.w3.org/2001/XMLSchema-instance" xsi:noNamespaceSchemaLocation="https://maven.apache.org/surefire/maven-surefire-plugin/xsd/surefire-test-report-3.0.xsd" version="3.0" name="testphhase.Homepage_testphase" time="125.249" tests="16" errors="0" skipped="0" failures="0">
  <properties>
[...]
</properties>
  <testcase name="logo" classname="testphhase.Homepage_testphase" time="0.262">
    <system-err><![CDATA[SLF4J: No SLF4J providers were found.
SLF4J: Defaulting to no-operation (NOP) logger implementation
SLF4J: See https://www.slf4j.org/codes.html#noProviders for further details.
1683797461421	geckodriver	INFO	Listening on 127.0.0.1:25512
1683797462436	mozrunner::runner	INFO	Running command: "C:\\Program Files\\Mozilla Firefox\\firefox.exe" "--marionette" "--remote-debugging-port" "33202" "--remote ... calhost:33202/,http://[::1]:33202/" "-no-remote" "-profile" "C:\\Users\\bpsingh\\AppData\\Local\\Temp\\rust_mozprofileBJuySD"
console.warn: services.settings: Ignoring preference override of remote settings server
console.warn: services.settings: Allow by setting MOZ_REMOTE_SETTINGS_DEVTOOLS=1 in the environment
1683797463086	Marionette	INFO	Marionette enabled
Dynamically enable window occlusion 0
1683797463092	Marionette	INFO	Listening on port 49364
Read port: 49364
WebDriver BiDi listening on ws://127.0.0.1:33202
1683797463299	RemoteAgent	WARN	TLS certificate errors will be ignored for this session
console.warn: SearchSettings: "get: No settings file exists, new profile?" (new NotFoundError("Could not open the file at C:\\Users\\bpsingh\\AppData\\Local\\Temp\\rust_mozprofileBJuySD\\search.json.mozlz4", (void 0)))
[ERROR glean_core] Error setting metrics feature config: Json(Error("EOF while parsing a value", line: 1, column: 0))
DevTools listening on ws://127.0.0.1:33202/devtools/browser/60b45725-fe44-421e-ad79-a0379b4859d3
JavaScript warning: https://teenpatti.gamentio.com/new-lsvegas-theme/js/jquery.js, line 2: Using //@ to indicate sourceMappingURL pragmas is deprecated. Use //# instead
JavaScript error: https://teenpatti.gamentio.com/, line 1185: SyntaxError: unexpected token: numeric literal
JavaScript error: https://teenpatti.gamentio.com/new-lsvegas-theme/js/app.js, line 14: ReferenceError: particlesJS is not defined
JavaScript warning: https://teenpatti.gamentio.com/new-lsvegas-theme/js/fingerprint2.min.js, line 1036: WEBGL_debug_renderer_info is deprecated in Firefox and will be removed. Please use RENDERER.
JavaScript warning: https://teenpatti.gamentio.com/new-lsvegas-theme/js/fingerprint2.min.js, line 1067: WEBGL_debug_renderer_info is deprecated in Firefox and will be removed. Please use RENDERER.
]]></system-err>
  </testcase>
  <testcase name="titleconfo" classname="testphhase.Homepage_testphase" time="0.053"/>
  <testcase name="blogmenu" classname="testphhase.Homepage_testphase" time="14.832">
    <system-err><![CDATA[console.warn: LoginRecipes: "Falling back to a synchronous message for: https://teenpatti.gamentio.com."
JavaScript warning: https://teenpatti.gamentio.com/newblogtheme-theme/js/jquery.js, line 2: Using //@ to indicate sourceMappingURL pragmas is deprecated. Use //# instead
JavaScript error: https://teenpatti.gamentio.com/blog, line 1: ReferenceError: stLight is not defined
JavaScript error: https://teenpatti.gamentio.com/blog, line 1: ReferenceError: stLight is not defined
JavaScript error: https://teenpatti.gamentio.com/blog, line 1: ReferenceError: stLight is not defined
JavaScript error: https://teenpatti.gamentio.com/blog, line 1: ReferenceError: stLight is not defined
JavaScript error: https://teenpatti.gamentio.com/blog, line 1: ReferenceError: stLight is not defined
JavaScript error: https://teenpatti.gamentio.com/blog, line 1: ReferenceError: stLight is not defined
JavaScript error: https://teenpatti.gamentio.com/blog, line 1: ReferenceError: stLight is not defined
JavaScript error: https://teenpatti.gamentio.com/blog, line 1: ReferenceError: stLight is not defined
JavaScript error: https://teenpatti.gamentio.com/blog, line 1: ReferenceError: stLight is not defined
JavaScript error: https://teenpatti.gamentio.com/blog, line 1: ReferenceError: stLight is not defined
JavaScript error: https://teenpatti.gamentio.com/blog, line 1: ReferenceError: stLight is not defined
JavaScript error: https://teenpatti.gamentio.com/blog, line 1: ReferenceError: stLight is not defined
JavaScript error: https://teenpatti.gamentio.com/blog, line 1: ReferenceError: stLight is not defined
JavaScript error: https://teenpatti.gamentio.com/blog, line 1: ReferenceError: stLight is not defined
JavaScript error: https://teenpatti.gamentio.com/blog, line 1: ReferenceError: stLight is not defined
JavaScript error: https://teenpatti.gamentio.com/blog, line 1: ReferenceError: stLight is not defined
JavaScript error: https://teenpatti.gamentio.com/blog, line 1: ReferenceError: stLight is not defined
JavaScript error: https://teenpatti.gamentio.com/blog, line 1: ReferenceError: stLight is not defined
JavaScript error: https://teenpatti.gamentio.com/blog, line 1: ReferenceError: stLight is not defined
JavaScript error: https://teenpatti.gamentio.com/blog, line 1: ReferenceError: stLight is not defined
JavaScript error: https://teenpatti.gamentio.com/blog, line 1: ReferenceError: checkAnchorClick is not defined
JavaScript error: https://teenpatti.gamentio.com/blog, line 1: TypeError: vlib1 is null
JavaScript error: https://teenpatti.gamentio.com/blog, line 1: TypeError: vlib1 is null
1683797484595	Marionette	WARN	Ignoring event 'pageshow' because document has an invalid readyState of 'uninitialized'.
1683797484604	Marionette	WARN	Ignoring event 'pageshow' because document has an invalid readyState of 'uninitialized'.
1683797484626	Marionette	WARN	Ignoring event 'pageshow' because document has an invalid readyState of 'uninitialized'.
1683797484646	Marionette	WARN	Ignoring event 'pageshow' because document has an invalid readyState of 'uninitialized'.
1683797484654	Marionette	WARN	Ignoring event 'pageshow' because document has an invalid readyState of 'uninitialized'.
1683797484689	Marionette	WARN	Ignoring event 'pageshow' because document has an invalid readyState of 'uninitialized'.
1683797484693	Marionette	WARN	Ignoring event 'pageshow' because document has an invalid readyState of 'uninitialized'.
1683797484708	Marionette	WARN	Ignoring event 'pageshow' because document has an invalid readyState of 'uninitialized'.
1683797484740	Marionette	WARN	Ignoring event 'pageshow' because document has an invalid readyState of 'uninitialized'.
1683797484741	Marionette	WARN	Ignoring event 'pageshow' because document has an invalid readyState of 'uninitialized'.
1683797484745	Marionette	WARN	Ignoring event 'pageshow' because document has an invalid readyState of 'uninitialized'.
1683797484763	Marionette	WARN	Ignoring event 'pageshow' because document has an invalid readyState of 'uninitialized'.
1683797484764	Marionette	WARN	Ignoring event 'pageshow' because document has an invalid readyState of 'uninitialized'.
1683797484769	Marionette	WARN	Ignoring event 'pageshow' because document has an invalid readyState of 'uninitialized'.
1683797484769	Marionette	WARN	Ignoring event 'pageshow' because document has an invalid readyState of 'uninitialized'.
1683797484787	Marionette	WARN	Ignoring event 'pageshow' because document has an invalid readyState of 'uninitialized'.
1683797484792	Marionette	WARN	Ignoring event 'pageshow' because document has an invalid readyState of 'uninitialized'.
1683797484796	Marionette	WARN	Ignoring event 'pageshow' because document has an invalid readyState of 'uninitialized'.
1683797484797	Marionette	WARN	Ignoring event 'pageshow' because document has an invalid readyState of 'uninitialized'.
1683797484798	Marionette	WARN	Ignoring event 'pageshow' because document has an invalid readyState of 'uninitialized'.
JavaScript error: https://pagead2.googlesyndication.com/pagead/js/adsbygoogle.js?client=ca-pub-6400024037310572, line 91: TagError: adsbygoogle.push() error: No slot size for availableWidth=119
JavaScript error: https://teenpatti.gamentio.com/blog, line 1: TypeError: window.parent.document.getElementsByClassName(...)[0] is undefined
JavaScript warning: https://pagead2.googlesyndication.com/bg/A6DkqFxHDGl7nKslapf_JwSgNLk5S51nxKr2xdQhtdg.js line 2 > eval line 6234 > eval line 1 > eval line 1 > eval, line 1: WEBGL_debug_renderer_info is deprecated in Firefox and will be removed. Please use RENDERER.
JavaScript warning: https://teenpatti.gamentio.com/new-lsvegas-theme/js/jquery.js, line 2: Using //@ to indicate sourceMappingURL pragmas is deprecated. Use //# instead
JavaScript error: https://teenpatti.gamentio.com/, line 1185: SyntaxError: unexpected token: numeric literal
JavaScript error: https://teenpatti.gamentio.com/new-lsvegas-theme/js/app.js, line 14: ReferenceError: particlesJS is not defined
JavaScript error: , line 0: TypeError: NetworkError when attempting to fetch resource.
JavaScript warning: https://teenpatti.gamentio.com/new-lsvegas-theme/js/fingerprint2.min.js, line 1036: WEBGL_debug_renderer_info is deprecated in Firefox and will be removed. Please use RENDERER.
JavaScript warning: https://teenpatti.gamentio.com/new-lsvegas-theme/js/fingerprint2.min.js, line 1067: WEBGL_debug_renderer_info is deprecated in Firefox and will be removed. Please use RENDERER.
]]></system-err>
  </testcase>
  <testcase name="linkcountsinffoter" classname="testphhase.Homepage_testphase" time="2.089"/>
  <testcase name="pokerclick" classname="testphhase.Homepage_testphase" time="9.601">
    <system-err><![CDATA[console.warn: LoginRecipes: "Falling back to a synchronous message for: https://teenpatti.gamentio.com."
JavaScript warning: https://poker.gamentio.com/new-lsvegas-theme/js/jquery.js, line 2: Using //@ to indicate sourceMappingURL pragmas is deprecated. Use //# instead
JavaScript error: https://poker.gamentio.com/, line 1340: SyntaxError: unexpected token: numeric literal
JavaScript error: https://poker.gamentio.com/new-lsvegas-theme/js/app.js, line 14: ReferenceError: particlesJS is not defined
JavaScript warning: https://poker.gamentio.com/new-lsvegas-theme/js/fingerprint2.min.js, line 1036: WEBGL_debug_renderer_info is deprecated in Firefox and will be removed. Please use RENDERER.
JavaScript warning: https://poker.gamentio.com/new-lsvegas-theme/js/fingerprint2.min.js, line 1067: WEBGL_debug_renderer_info is deprecated in Firefox and will be removed. Please use RENDERER.
JavaScript warning: https://teenpatti.gamentio.com/new-lsvegas-theme/js/jquery.js, line 2: Using //@ to indicate sourceMappingURL pragmas is deprecated. Use //# instead
JavaScript error: https://teenpatti.gamentio.com/, line 1185: SyntaxError: unexpected token: numeric literal
JavaScript error: https://teenpatti.gamentio.com/new-lsvegas-theme/js/app.js, line 14: ReferenceError: particlesJS is not defined
JavaScript warning: https://teenpatti.gamentio.com/new-lsvegas-theme/js/fingerprint2.min.js, line 1036: WEBGL_debug_renderer_info is deprecated in Firefox and will be removed. Please use RENDERER.
JavaScript warning: https://teenpatti.gamentio.com/new-lsvegas-theme/js/fingerprint2.min.js, line 1067: WEBGL_debug_renderer_info is deprecated in Firefox and will be removed. Please use RENDERER.
]]></system-err>
  </testcase>
  <testcase name="teenpaticlick" classname="testphhase.Homepage_testphase" time="3.613">
    <system-err><![CDATA[console.warn: LoginRecipes: "Falling back to a synchronous message for: https://teenpatti.gamentio.com."
JavaScript warning: https://teenpatti.gamentio.com/new-lsvegas-theme/js/jquery.js, line 2: Using //@ to indicate sourceMappingURL pragmas is deprecated. Use //# instead
JavaScript error: https://teenpatti.gamentio.com/, line 1185: SyntaxError: unexpected token: numeric literal
JavaScript error: https://teenpatti.gamentio.com/new-lsvegas-theme/js/app.js, line 14: ReferenceError: particlesJS is not defined
JavaScript warning: https://teenpatti.gamentio.com/new-lsvegas-theme/js/fingerprint2.min.js, line 1036: WEBGL_debug_renderer_info is deprecated in Firefox and will be removed. Please use RENDERER.
JavaScript warning: https://teenpatti.gamentio.com/new-lsvegas-theme/js/fingerprint2.min.js, line 1067: WEBGL_debug_renderer_info is deprecated in Firefox and will be removed. Please use RENDERER.
]]></system-err>
  </testcase>
  <testcase name="rummymenu" classname="testphhase.Homepage_testphase" time="8.239">
    <system-err><![CDATA[console.warn: LoginRecipes: "Falling back to a synchronous message for: https://teenpatti.gamentio.com."
JavaScript warning: https://rummy.gamentio.com/new-lsvegas-theme/js/jquery.js, line 2: Using //@ to indicate sourceMappingURL pragmas is deprecated. Use //# instead
JavaScript error: https://rummy.gamentio.com/, line 1419: SyntaxError: unexpected token: numeric literal
JavaScript error: https://rummy.gamentio.com/new-lsvegas-theme/js/app.js, line 14: ReferenceError: particlesJS is not defined
JavaScript warning: https://rummy.gamentio.com/new-lsvegas-theme/js/fingerprint2.min.js, line 1036: WEBGL_debug_renderer_info is deprecated in Firefox and will be removed. Please use RENDERER.
JavaScript warning: https://rummy.gamentio.com/new-lsvegas-theme/js/fingerprint2.min.js, line 1067: WEBGL_debug_renderer_info is deprecated in Firefox and will be removed. Please use RENDERER.
JavaScript error: https://teenpatti.gamentio.com/, line 1185: SyntaxError: unexpected token: numeric literal
JavaScript error: https://teenpatti.gamentio.com/new-lsvegas-theme/js/app.js, line 14: ReferenceError: particlesJS is not defined
JavaScript warning: https://teenpatti.gamentio.com/new-lsvegas-theme/js/fingerprint2.min.js, line 1036: WEBGL_debug_renderer_info is deprecated in Firefox and will be removed. Please use RENDERER.
JavaScript warning: https://teenpatti.gamentio.com/new-lsvegas-theme/js/fingerprint2.min.js, line 1067: WEBGL_debug_renderer_info is deprecated in Firefox and will be removed. Please use RENDERER.
]]></system-err>
  </testcase>
  <testcase name="blackjackmenu" classname="testphhase.Homepage_testphase" time="8.916">
    <system-err><![CDATA[console.warn: LoginRecipes: "Falling back to a synchronous message for: https://teenpatti.gamentio.com."
JavaScript warning: https://blackjack.gamentio.com/new-lsvegas-theme/js/jquery.js, line 2: Using //@ to indicate sourceMappingURL pragmas is deprecated. Use //# instead
JavaScript error: https://blackjack.gamentio.com/, line 862: SyntaxError: unexpected token: numeric literal
JavaScript error: https://blackjack.gamentio.com/new-lsvegas-theme/js/app.js, line 14: ReferenceError: particlesJS is not defined
JavaScript warning: https://blackjack.gamentio.com/new-lsvegas-theme/js/fingerprint2.min.js, line 1036: WEBGL_debug_renderer_info is deprecated in Firefox and will be removed. Please use RENDERER.
JavaScript warning: https://blackjack.gamentio.com/new-lsvegas-theme/js/fingerprint2.min.js, line 1067: WEBGL_debug_renderer_info is deprecated in Firefox and will be removed. Please use RENDERER.
JavaScript error: https://teenpatti.gamentio.com/, line 1185: SyntaxError: unexpected token: numeric literal
JavaScript error: https://teenpatti.gamentio.com/new-lsvegas-theme/js/app.js, line 14: ReferenceError: particlesJS is not defined
JavaScript warning: https://teenpatti.gamentio.com/new-lsvegas-theme/js/fingerprint2.min.js, line 1036: WEBGL_debug_renderer_info is deprecated in Firefox and will be removed. Please use RENDERER.
JavaScript warning: https://teenpatti.gamentio.com/new-lsvegas-theme/js/fingerprint2.min.js, line 1067: WEBGL_debug_renderer_info is deprecated in Firefox and will be removed. Please use RENDERER.
]]></system-err>
  </testcase>
  <testcase name="contactusmenu" classname="testphhase.Homepage_testphase" time="9.971">
    <system-err><![CDATA[console.warn: LoginRecipes: "Falling back to a synchronous message for: https://teenpatti.gamentio.com."
JavaScript warning: https://gamentio.com/lsvegas-theme/js/jquery.js, line 2: Using //@ to indicate sourceMappingURL pragmas is deprecated. Use //# instead
JavaScript error: https://gamentio.com/contact-us, line 1: SyntaxError: unexpected token: numeric literal
JavaScript error: https://teenpatti.gamentio.com/, line 1185: SyntaxError: unexpected token: numeric literal
JavaScript error: https://teenpatti.gamentio.com/new-lsvegas-theme/js/app.js, line 14: ReferenceError: particlesJS is not defined
JavaScript warning: https://teenpatti.gamentio.com/new-lsvegas-theme/js/fingerprint2.min.js, line 1036: WEBGL_debug_renderer_info is deprecated in Firefox and will be removed. Please use RENDERER.
JavaScript warning: https://teenpatti.gamentio.com/new-lsvegas-theme/js/fingerprint2.min.js, line 1067: WEBGL_debug_renderer_info is deprecated in Firefox and will be removed. Please use RENDERER.
]]></system-err>
  </testcase>
  <testcase name="eulamenu" classname="testphhase.Homepage_testphase" time="10.899">
    <system-err><![CDATA[console.warn: LoginRecipes: "Falling back to a synchronous message for: https://teenpatti.gamentio.com."
JavaScript warning: https://teenpatti.gamentio.com/lsvegas-theme/js/jquery.js, line 2: Using //@ to indicate sourceMappingURL pragmas is deprecated. Use //# instead
JavaScript error: https://teenpatti.gamentio.com/gamentioeula, line 1: SyntaxError: unexpected token: numeric literal
JavaScript error: https://teenpatti.gamentio.com/, line 1185: SyntaxError: unexpected token: numeric literal
JavaScript error: https://teenpatti.gamentio.com/new-lsvegas-theme/js/app.js, line 14: ReferenceError: particlesJS is not defined
JavaScript warning: https://teenpatti.gamentio.com/new-lsvegas-theme/js/fingerprint2.min.js, line 1036: WEBGL_debug_renderer_info is deprecated in Firefox and will be removed. Please use RENDERER.
JavaScript warning: https://teenpatti.gamentio.com/new-lsvegas-theme/js/fingerprint2.min.js, line 1067: WEBGL_debug_renderer_info is deprecated in Firefox and will be removed. Please use RENDERER.
]]></system-err>
  </testcase>
  <testcase name="legalitymenu" classname="testphhase.Homepage_testphase" time="6.094">
    <system-err><![CDATA[console.warn: LoginRecipes: "Falling back to a synchronous message for: https://teenpatti.gamentio.com."
JavaScript warning: https://teenpatti.gamentio.com/lsvegas-theme/js/jquery.js, line 2: Using //@ to indicate sourceMappingURL pragmas is deprecated. Use //# instead
JavaScript error: https://teenpatti.gamentio.com/gamentiolegal, line 1: SyntaxError: unexpected token: numeric literal
JavaScript error: https://teenpatti.gamentio.com/, line 1185: SyntaxError: unexpected token: numeric literal
JavaScript error: https://teenpatti.gamentio.com/new-lsvegas-theme/js/app.js, line 14: ReferenceError: particlesJS is not defined
JavaScript warning: https://teenpatti.gamentio.com/new-lsvegas-theme/js/fingerprint2.min.js, line 1036: WEBGL_debug_renderer_info is deprecated in Firefox and will be removed. Please use RENDERER.
JavaScript warning: https://teenpatti.gamentio.com/new-lsvegas-theme/js/fingerprint2.min.js, line 1067: WEBGL_debug_renderer_info is deprecated in Firefox and will be removed. Please use RENDERER.
]]></system-err>
  </testcase>
  <testcase name="cookiepolicymenu" classname="testphhase.Homepage_testphase" time="5.805">
    <system-err><![CDATA[console.warn: LoginRecipes: "Falling back to a synchronous message for: https://teenpatti.gamentio.com."
JavaScript warning: https://teenpatti.gamentio.com/lsvegas-theme/js/jquery.js, line 2: Using //@ to indicate sourceMappingURL pragmas is deprecated. Use //# instead
JavaScript error: https://teenpatti.gamentio.com/cookie-policy, line 1: SyntaxError: unexpected token: numeric literal
JavaScript error: https://teenpatti.gamentio.com/, line 1185: SyntaxError: unexpected token: numeric literal
JavaScript error: https://teenpatti.gamentio.com/new-lsvegas-theme/js/app.js, line 14: ReferenceError: particlesJS is not defined
JavaScript warning: https://teenpatti.gamentio.com/new-lsvegas-theme/js/fingerprint2.min.js, line 1036: WEBGL_debug_renderer_info is deprecated in Firefox and will be removed. Please use RENDERER.
JavaScript warning: https://teenpatti.gamentio.com/new-lsvegas-theme/js/fingerprint2.min.js, line 1067: WEBGL_debug_renderer_info is deprecated in Firefox and will be removed. Please use RENDERER.
]]></system-err>
  </testcase>
  <testcase name="privacypolicymenu" classname="testphhase.Homepage_testphase" time="4.367">
    <system-err><![CDATA[console.warn: LoginRecipes: "Falling back to a synchronous message for: https://teenpatti.gamentio.com."
JavaScript warning: https://teenpatti.gamentio.com/lsvegas-theme/js/jquery.js, line 2: Using //@ to indicate sourceMappingURL pragmas is deprecated. Use //# instead
JavaScript error: https://teenpatti.gamentio.com/gamentioPP, line 1: SyntaxError: unexpected token: numeric literal
JavaScript error: https://teenpatti.gamentio.com/, line 1185: SyntaxError: unexpected token: numeric literal
JavaScript error: https://teenpatti.gamentio.com/new-lsvegas-theme/js/app.js, line 14: ReferenceError: particlesJS is not defined
JavaScript warning: https://teenpatti.gamentio.com/new-lsvegas-theme/js/fingerprint2.min.js, line 1036: WEBGL_debug_renderer_info is deprecated in Firefox and will be removed. Please use RENDERER.
JavaScript warning: https://teenpatti.gamentio.com/new-lsvegas-theme/js/fingerprint2.min.js, line 1067: WEBGL_debug_renderer_info is deprecated in Firefox and will be removed. Please use RENDERER.
]]></system-err>
  </testcase>
  <testcase name="Sequritymenu" classname="testphhase.Homepage_testphase" time="5.105">
    <system-err><![CDATA[console.warn: LoginRecipes: "Falling back to a synchronous message for: https://teenpatti.gamentio.com."
JavaScript error: https://teenpatti.gamentio.com/gamentiosecuritynint, line 1: SyntaxError: unexpected token: numeric literal
JavaScript error: https://teenpatti.gamentio.com/, line 1185: SyntaxError: unexpected token: numeric literal
JavaScript error: https://teenpatti.gamentio.com/new-lsvegas-theme/js/app.js, line 14: ReferenceError: particlesJS is not defined
JavaScript warning: https://teenpatti.gamentio.com/new-lsvegas-theme/js/fingerprint2.min.js, line 1036: WEBGL_debug_renderer_info is deprecated in Firefox and will be removed. Please use RENDERER.
JavaScript warning: https://teenpatti.gamentio.com/new-lsvegas-theme/js/fingerprint2.min.js, line 1067: WEBGL_debug_renderer_info is deprecated in Firefox and will be removed. Please use RENDERER.
]]></system-err>
  </testcase>
  <testcase name="TOUmenu" classname="testphhase.Homepage_testphase" time="4.076">
    <system-err><![CDATA[console.warn: LoginRecipes: "Falling back to a synchronous message for: https://teenpatti.gamentio.com."
JavaScript error: https://teenpatti.gamentio.com/gamentiotou, line 1: SyntaxError: unexpected token: numeric literal
JavaScript error: https://teenpatti.gamentio.com/, line 1185: SyntaxError: unexpected token: numeric literal
JavaScript error: https://teenpatti.gamentio.com/new-lsvegas-theme/js/app.js, line 14: ReferenceError: particlesJS is not defined
JavaScript warning: https://teenpatti.gamentio.com/new-lsvegas-theme/js/fingerprint2.min.js, line 1036: WEBGL_debug_renderer_info is deprecated in Firefox and will be removed. Please use RENDERER.
JavaScript warning: https://teenpatti.gamentio.com/new-lsvegas-theme/js/fingerprint2.min.js, line 1067: WEBGL_debug_renderer_info is deprecated in Firefox and will be removed. Please use RENDERER.
]]></system-err>
  </testcase>
  <testcase name="englishmenu" classname="testphhase.Homepage_testphase" time="11.39">
    <system-err><![CDATA[console.warn: LoginRecipes: "Falling back to a synchronous message for: https://teenpatti.gamentio.com."
1683797576567	Marionette	WARN	Ignoring event 'DOMContentLoaded' because document has an invalid readyState of 'complete'.
JavaScript warning: https://gamentio.com/new-lsvegas-theme/js/jquery.js, line 2: Using //@ to indicate sourceMappingURL pragmas is deprecated. Use //# instead
JavaScript error: https://gamentio.com/, line 807: SyntaxError: unexpected token: numeric literal
JavaScript error: https://gamentio.com/new-lsvegas-theme/js/app.js, line 14: ReferenceError: particlesJS is not defined
JavaScript warning: https://gamentio.com/new-lsvegas-theme/js/fingerprint2.min.js, line 1036: WEBGL_debug_renderer_info is deprecated in Firefox and will be removed. Please use RENDERER.
JavaScript warning: https://gamentio.com/new-lsvegas-theme/js/fingerprint2.min.js, line 1067: WEBGL_debug_renderer_info is deprecated in Firefox and will be removed. Please use RENDERER.
JavaScript warning: https://pagead2.googlesyndication.com/bg/A6DkqFxHDGl7nKslapf_JwSgNLk5S51nxKr2xdQhtdg.js line 2 > eval line 628 > eval line 1 > eval line 1 > eval, line 1: WEBGL_debug_renderer_info is deprecated in Firefox and will be removed. Please use RENDERER.
JavaScript error: https://teenpatti.gamentio.com/, line 1185: SyntaxError: unexpected token: numeric literal
JavaScript error: https://teenpatti.gamentio.com/new-lsvegas-theme/js/app.js, line 14: ReferenceError: particlesJS is not defined
JavaScript warning: https://teenpatti.gamentio.com/new-lsvegas-theme/js/fingerprint2.min.js, line 1036: WEBGL_debug_renderer_info is deprecated in Firefox and will be removed. Please use RENDERER.
JavaScript warning: https://teenpatti.gamentio.com/new-lsvegas-theme/js/fingerprint2.min.js, line 1067: WEBGL_debug_renderer_info is deprecated in Firefox and will be removed. Please use RENDERER.
]]></system-err>
  </testcase>
</testsuite>