<?xml version="1.0" encoding="UTF-8"?>
<testng-results ignored="0" total="16" passed="16" failed="0" skipped="0">
  <reporter-output>
  </reporter-output>
  <suite started-at="2023-05-11T14:57:12 IST" name="Default suite" finished-at="2023-05-11T14:59:02 IST" duration-ms="110091">
    <groups>
    </groups>
    <test started-at="2023-05-11T14:57:12 IST" name="Default test" finished-at="2023-05-11T14:59:02 IST" duration-ms="110091">
      <class name="testphhase.Homepage_testphase">
        <test-method is-config="true" signature="initialize()[pri:0, instance:testphhase.Homepage_testphase@47d9a273]" started-at="2023-05-11T14:57:01 IST" name="initialize" finished-at="2023-05-11T14:57:12 IST" duration-ms="11840" status="PASS">
          <reporter-output>
          </reporter-output>
        </test-method> <!-- initialize -->
        <test-method is-config="true" signature="start()[pri:0, instance:testphhase.Homepage_testphase@47d9a273]" started-at="2023-05-11T14:57:12 IST" name="start" finished-at="2023-05-11T14:57:13 IST" duration-ms="73" status="PASS">
          <reporter-output>
          </reporter-output>
        </test-method> <!-- start -->
        <test-method signature="logo()[pri:0, instance:testphhase.Homepage_testphase@47d9a273]" started-at="2023-05-11T14:57:13 IST" name="logo" finished-at="2023-05-11T14:57:13 IST" duration-ms="223" status="PASS">
          <reporter-output>
          </reporter-output>
        </test-method> <!-- logo -->
        <test-method signature="titleconfo()[pri:0, instance:testphhase.Homepage_testphase@47d9a273]" started-at="2023-05-11T14:57:13 IST" name="titleconfo" finished-at="2023-05-11T14:57:13 IST" duration-ms="47" status="PASS">
          <reporter-output>
          </reporter-output>
        </test-method> <!-- titleconfo -->
        <test-method signature="blogmenu()[pri:1, instance:testphhase.Homepage_testphase@47d9a273]" started-at="2023-05-11T14:57:13 IST" name="blogmenu" finished-at="2023-05-11T14:57:32 IST" duration-ms="19463" status="PASS">
          <reporter-output>
          </reporter-output>
        </test-method> <!-- blogmenu -->
        <test-method signature="linkcountsinffoter()[pri:1, instance:testphhase.Homepage_testphase@47d9a273]" started-at="2023-05-11T14:57:32 IST" name="linkcountsinffoter" finished-at="2023-05-11T14:57:34 IST" duration-ms="2117" status="PASS">
          <reporter-output>
          </reporter-output>
        </test-method> <!-- linkcountsinffoter -->
        <test-method signature="pokerclick()[pri:1, instance:testphhase.Homepage_testphase@47d9a273]" started-at="2023-05-11T14:57:34 IST" name="pokerclick" finished-at="2023-05-11T14:57:42 IST" duration-ms="7882" status="PASS">
          <reporter-output>
          </reporter-output>
        </test-method> <!-- pokerclick -->
        <test-method signature="teenpaticlick()[pri:2, instance:testphhase.Homepage_testphase@47d9a273]" started-at="2023-05-11T14:57:42 IST" name="teenpaticlick" finished-at="2023-05-11T14:57:46 IST" duration-ms="3684" status="PASS">
          <reporter-output>
          </reporter-output>
        </test-method> <!-- teenpaticlick -->
        <test-method signature="rummymenu()[pri:3, instance:testphhase.Homepage_testphase@47d9a273]" started-at="2023-05-11T14:57:46 IST" name="rummymenu" finished-at="2023-05-11T14:57:54 IST" duration-ms="8174" status="PASS">
          <reporter-output>
          </reporter-output>
        </test-method> <!-- rummymenu -->
        <test-method signature="blackjackmenu()[pri:4, instance:testphhase.Homepage_testphase@47d9a273]" started-at="2023-05-11T14:57:54 IST" name="blackjackmenu" finished-at="2023-05-11T14:58:03 IST" duration-ms="8525" status="PASS">
          <reporter-output>
          </reporter-output>
        </test-method> <!-- blackjackmenu -->
        <test-method signature="contactusmenu()[pri:5, instance:testphhase.Homepage_testphase@47d9a273]" started-at="2023-05-11T14:58:03 IST" name="contactusmenu" finished-at="2023-05-11T14:58:12 IST" duration-ms="9669" status="PASS">
          <reporter-output>
          </reporter-output>
        </test-method> <!-- contactusmenu -->
        <test-method signature="eulamenu()[pri:6, instance:testphhase.Homepage_testphase@47d9a273]" started-at="2023-05-11T14:58:12 IST" name="eulamenu" finished-at="2023-05-11T14:58:19 IST" duration-ms="6819" status="PASS">
          <reporter-output>
          </reporter-output>
        </test-method> <!-- eulamenu -->
        <test-method signature="legalitymenu()[pri:7, instance:testphhase.Homepage_testphase@47d9a273]" started-at="2023-05-11T14:58:19 IST" name="legalitymenu" finished-at="2023-05-11T14:58:25 IST" duration-ms="5981" status="PASS">
          <reporter-output>
          </reporter-output>
        </test-method> <!-- legalitymenu -->
        <test-method signature="cookiepolicymenu()[pri:8, instance:testphhase.Homepage_testphase@47d9a273]" started-at="2023-05-11T14:58:25 IST" name="cookiepolicymenu" finished-at="2023-05-11T14:58:30 IST" duration-ms="5076" status="PASS">
          <reporter-output>
          </reporter-output>
        </test-method> <!-- cookiepolicymenu -->
        <test-method signature="privacypolicymenu()[pri:9, instance:testphhase.Homepage_testphase@47d9a273]" started-at="2023-05-11T14:58:30 IST" name="privacypolicymenu" finished-at="2023-05-11T14:58:36 IST" duration-ms="5451" status="PASS">
          <reporter-output>
          </reporter-output>
        </test-method> <!-- privacypolicymenu -->
        <test-method signature="Sequritymenu()[pri:10, instance:testphhase.Homepage_testphase@47d9a273]" started-at="2023-05-11T14:58:36 IST" name="Sequritymenu" finished-at="2023-05-11T14:58:41 IST" duration-ms="5191" status="PASS">
          <reporter-output>
          </reporter-output>
        </test-method> <!-- Sequritymenu -->
        <test-method signature="TOUmenu()[pri:11, instance:testphhase.Homepage_testphase@47d9a273]" started-at="2023-05-11T14:58:41 IST" name="TOUmenu" finished-at="2023-05-11T14:58:47 IST" duration-ms="6452" status="PASS">
          <reporter-output>
          </reporter-output>
        </test-method> <!-- TOUmenu -->
        <test-method signature="englishmenu()[pri:12, instance:testphhase.Homepage_testphase@47d9a273]" started-at="2023-05-11T14:58:47 IST" name="englishmenu" finished-at="2023-05-11T14:59:02 IST" duration-ms="14302" status="PASS">
          <reporter-output>
          </reporter-output>
        </test-method> <!-- englishmenu -->
        <test-method is-config="true" signature="end()[pri:0, instance:testphhase.Homepage_testphase@47d9a273]" started-at="2023-05-11T14:59:02 IST" name="end" finished-at="2023-05-11T14:59:02 IST" duration-ms="890" status="PASS">
          <reporter-output>
          </reporter-output>
        </test-method> <!-- end -->
      </class> <!-- testphhase.Homepage_testphase -->
    </test> <!-- Default test -->
  </suite> <!-- Default suite -->
</testng-results>
