<?xml version="1.0" encoding="UTF-8"?>
<testng-results ignored="0" total="16" passed="16" failed="0" skipped="0">
  <reporter-output>
  </reporter-output>
  <suite started-at="2023-05-11T17:49:44 IST" name="Default suite" finished-at="2023-05-11T17:51:27 IST" duration-ms="103080">
    <groups>
    </groups>
    <test started-at="2023-05-11T17:49:44 IST" name="Default test" finished-at="2023-05-11T17:51:27 IST" duration-ms="103080">
      <class name="testphhase.Homepage_testphase">
        <test-method is-config="true" signature="initialize()[pri:0, instance:testphhase.Homepage_testphase@47d9a273]" started-at="2023-05-11T17:49:31 IST" name="initialize" finished-at="2023-05-11T17:49:44 IST" duration-ms="13117" status="PASS">
          <reporter-output>
          </reporter-output>
        </test-method> <!-- initialize -->
        <test-method is-config="true" signature="start()[pri:0, instance:testphhase.Homepage_testphase@47d9a273]" started-at="2023-05-11T17:49:44 IST" name="start" finished-at="2023-05-11T17:49:44 IST" duration-ms="239" status="PASS">
          <reporter-output>
          </reporter-output>
        </test-method> <!-- start -->
        <test-method signature="logo()[pri:0, instance:testphhase.Homepage_testphase@47d9a273]" started-at="2023-05-11T17:49:45 IST" name="logo" finished-at="2023-05-11T17:49:45 IST" duration-ms="205" status="PASS">
          <reporter-output>
          </reporter-output>
        </test-method> <!-- logo -->
        <test-method signature="titleconfo()[pri:0, instance:testphhase.Homepage_testphase@47d9a273]" started-at="2023-05-11T17:49:45 IST" name="titleconfo" finished-at="2023-05-11T17:49:45 IST" duration-ms="14" status="PASS">
          <reporter-output>
          </reporter-output>
        </test-method> <!-- titleconfo -->
        <test-method signature="blogmenu()[pri:1, instance:testphhase.Homepage_testphase@47d9a273]" started-at="2023-05-11T17:49:45 IST" name="blogmenu" finished-at="2023-05-11T17:49:58 IST" duration-ms="13302" status="PASS">
          <reporter-output>
          </reporter-output>
        </test-method> <!-- blogmenu -->
        <test-method signature="linkcountsinffoter()[pri:1, instance:testphhase.Homepage_testphase@47d9a273]" started-at="2023-05-11T17:49:58 IST" name="linkcountsinffoter" finished-at="2023-05-11T17:50:00 IST" duration-ms="2139" status="PASS">
          <reporter-output>
          </reporter-output>
        </test-method> <!-- linkcountsinffoter -->
        <test-method signature="pokerclick()[pri:1, instance:testphhase.Homepage_testphase@47d9a273]" started-at="2023-05-11T17:50:00 IST" name="pokerclick" finished-at="2023-05-11T17:50:10 IST" duration-ms="9321" status="PASS">
          <reporter-output>
          </reporter-output>
        </test-method> <!-- pokerclick -->
        <test-method signature="teenpaticlick()[pri:2, instance:testphhase.Homepage_testphase@47d9a273]" started-at="2023-05-11T17:50:10 IST" name="teenpaticlick" finished-at="2023-05-11T17:50:13 IST" duration-ms="3963" status="PASS">
          <reporter-output>
          </reporter-output>
        </test-method> <!-- teenpaticlick -->
        <test-method signature="rummymenu()[pri:3, instance:testphhase.Homepage_testphase@47d9a273]" started-at="2023-05-11T17:50:13 IST" name="rummymenu" finished-at="2023-05-11T17:50:23 IST" duration-ms="9045" status="PASS">
          <reporter-output>
          </reporter-output>
        </test-method> <!-- rummymenu -->
        <test-method signature="blackjackmenu()[pri:4, instance:testphhase.Homepage_testphase@47d9a273]" started-at="2023-05-11T17:50:23 IST" name="blackjackmenu" finished-at="2023-05-11T17:50:33 IST" duration-ms="10937" status="PASS">
          <reporter-output>
          </reporter-output>
        </test-method> <!-- blackjackmenu -->
        <test-method signature="contactusmenu()[pri:5, instance:testphhase.Homepage_testphase@47d9a273]" started-at="2023-05-11T17:50:33 IST" name="contactusmenu" finished-at="2023-05-11T17:50:45 IST" duration-ms="11093" status="PASS">
          <reporter-output>
          </reporter-output>
        </test-method> <!-- contactusmenu -->
        <test-method signature="eulamenu()[pri:6, instance:testphhase.Homepage_testphase@47d9a273]" started-at="2023-05-11T17:50:45 IST" name="eulamenu" finished-at="2023-05-11T17:50:51 IST" duration-ms="6523" status="PASS">
          <reporter-output>
          </reporter-output>
        </test-method> <!-- eulamenu -->
        <test-method signature="legalitymenu()[pri:7, instance:testphhase.Homepage_testphase@47d9a273]" started-at="2023-05-11T17:50:51 IST" name="legalitymenu" finished-at="2023-05-11T17:50:56 IST" duration-ms="5203" status="PASS">
          <reporter-output>
          </reporter-output>
        </test-method> <!-- legalitymenu -->
        <test-method signature="cookiepolicymenu()[pri:8, instance:testphhase.Homepage_testphase@47d9a273]" started-at="2023-05-11T17:50:56 IST" name="cookiepolicymenu" finished-at="2023-05-11T17:51:01 IST" duration-ms="5033" status="PASS">
          <reporter-output>
          </reporter-output>
        </test-method> <!-- cookiepolicymenu -->
        <test-method signature="privacypolicymenu()[pri:9, instance:testphhase.Homepage_testphase@47d9a273]" started-at="2023-05-11T17:51:01 IST" name="privacypolicymenu" finished-at="2023-05-11T17:51:06 IST" duration-ms="4710" status="PASS">
          <reporter-output>
          </reporter-output>
        </test-method> <!-- privacypolicymenu -->
        <test-method signature="Sequritymenu()[pri:10, instance:testphhase.Homepage_testphase@47d9a273]" started-at="2023-05-11T17:51:06 IST" name="Sequritymenu" finished-at="2023-05-11T17:51:11 IST" duration-ms="4812" status="PASS">
          <reporter-output>
          </reporter-output>
        </test-method> <!-- Sequritymenu -->
        <test-method signature="TOUmenu()[pri:11, instance:testphhase.Homepage_testphase@47d9a273]" started-at="2023-05-11T17:51:11 IST" name="TOUmenu" finished-at="2023-05-11T17:51:16 IST" duration-ms="4952" status="PASS">
          <reporter-output>
          </reporter-output>
        </test-method> <!-- TOUmenu -->
        <test-method signature="englishmenu()[pri:12, instance:testphhase.Homepage_testphase@47d9a273]" started-at="2023-05-11T17:51:16 IST" name="englishmenu" finished-at="2023-05-11T17:51:27 IST" duration-ms="10929" status="PASS">
          <reporter-output>
          </reporter-output>
        </test-method> <!-- englishmenu -->
        <test-method is-config="true" signature="end()[pri:0, instance:testphhase.Homepage_testphase@47d9a273]" started-at="2023-05-11T17:51:27 IST" name="end" finished-at="2023-05-11T17:51:27 IST" duration-ms="562" status="PASS">
          <reporter-output>
          </reporter-output>
        </test-method> <!-- end -->
      </class> <!-- testphhase.Homepage_testphase -->
    </test> <!-- Default test -->
  </suite> <!-- Default suite -->
</testng-results>
